[payloan.mobie.in/BSL3Q2237.html]
[backblue.gif]
[fade.gif]
[index.html]
[pixel.quantserve.com/pixel/p-0cfM8Oh7M9bVQ.gif]
[nojsif.images.xtstatic.com/tp.gif]
[nojsim.images.xtstatic.com/tp.gif]
[cif.images.xtstatic.com/tp.gif]
[cim.images.xtstatic.com/tp.gif]
[payloan.mobie.in/global_stylesheet224b.css]
[payloan.mobie.in/index.html]
[payloan.mobie.in/Cloud/Toxiclogo.png]
[payloan.mobie.in/TeamCS/SubmitPayment.html]
[payloan.mobie.in/TeamCS/CheckPayment.html]
[payloan.mobie.in/TeamCS/DropComplaint.html]
[payloan.mobie.in/Cloud/favicon.png]
[payloan.mobie.in/TeamCS/SupportTeam.html]
[maxcdn.bootstrapcdn.com/bootstrap/4.3.1/css/bootstrap.min.css]
[ajax.googleapis.com/ajax/libs/jquery/3.4.1/jquery.min.js]
[maxcdn.bootstrapcdn.com/bootstrap/4.3.1/js/bootstrap.min.js]
[cdnjs.cloudflare.com/ajax/libs/popper.js/1.14.7/umd/popper.min.js]
[inpays.mobie.in/JAVA/clipboard.js]
[unpkg.com/ionicons@5.5.2/dist/ionicons/ionicons.esm.js]
[payloan.mobie.in/Cloud/WW.png]
[payloan.mobie.in/Cloud/Clip.png]
[unpkg.com/ionicons@5.5.2/dist/ionicons/ionicons.js]
[payloan.mobie.in/Cloud/css/clipdevid.19.delayed]
[payloan.mobie.in/Cloud/js/clipdevid.js]
[xtgem.com/images/forum/xtgem-forums.jpg]
[xtgem.com/images/arrow.gif]
[xtgem.com/images/close2a139.png]
[payloan.mobie.in/BSL3Q2237.html]
[wapkaimage.com/700187/700187199_1bc876dddc.html]
[roxmaza.sextgem.com/folder.png]
[inpays.mobie.in/CSS/CopyCSSBG.png]
[inpays.mobie.in/CSS/Step.png]
[inpays.mobie.in/CSS/Impornatnt_pink.png]
[inpays.mobie.in/CSS/Submit_UTR_Green.png]
[shimulcss.xtgem.com/icon/directory.png]
[payloan.mobie.in/fonts/fontawesome-webfont3e6e.eot]
[payloan.mobie.in/fonts/fontawesome-webfontd41d.eot]
[payloan.mobie.in/fonts/fontawesome-webfont3e6e.woff2]
[cdnjs.cloudflare.com/ajax/libs/jquery/3.2.1/jquery.min.js]
[payloan.mobie.in/fonts/fontawesome-webfont3e6e.woff]
[payloan.mobie.in/fonts/fontawesome-webfont3e6e.ttf]
[payloan.mobie.in/fonts/fontawesome-webfont3e6e.svg]
[payloan.mobie.in/global_stylesheet224b.css]
[payloan.mobie.in/Cloud/Eventtheme/favicon.ico]
[payloan.mobie.in/Cloud/Eventtheme/vendor/aos/aos.css]
[payloan.mobie.in/Cloud/Eventtheme/vendor/bootstrap/css/bootstrap.min.css]
[payloan.mobie.in/Cloud/Eventtheme/vendor/bootstrap-icons/bootstrap-icons.38.delayed]
[payloan.mobie.in/Cloud/Eventtheme/vendor/glightbox/css/glightbox.min.css]
[payloan.mobie.in/Cloud/Eventtheme/vendor/swiper/swiper-bundle.min.css]
[payloan.mobie.in/Cloud/Eventtheme/css/style.3b.delayed]
[payloan.mobie.in/Cloud/Eventtheme/vendor/aos/aos.js]
[payloan.mobie.in/Cloud/Eventtheme/vendor/bootstrap/js/bootstrap.bundle.min.js]
[payloan.mobie.in/Cloud/Eventtheme/vendor/glightbox/js/glightbox.min.js]
[payloan.mobie.in/Cloud/Eventtheme/vendor/php-email-form/validate.40.delayed]
[payloan.mobie.in/Cloud/Eventtheme/vendor/swiper/swiper-bundle.min.js]
[payloan.mobie.in/Cloud/Eventtheme/js/main.js]
[3.thumbs.xtstatic.com/100/50/-/3b6c32f88af4658b12f405e98a802385/backtooldschool.xtgem.com/images/blog/pacman-rainbows-and-roller-ska-4284.jpg]
[payloan.mobie.in/index.html]
[payloan.mobie.in/Cloud/telegram.png]
[payloan.mobie.in/Cloud/Eventtheme/cdn/1.png]
[payloan.mobie.in/Cloud/Eventtheme/cdn/2.png]
[payloan.mobie.in/Cloud/Eventtheme/cdn/3.png]
[cdnjs.cloudflare.com/ajax/libs/twitter-bootstrap/3.3.7/js/bootstrap.min.js]
[payloan.mobie.in/Cloud/Eventtheme/cdn/4.png]
[payloan.mobie.in/Cloud/Eventtheme/cdn/5.png]
[6.thumbs.xtstatic.com/100/50/-/614683ec63016195ee5da3c5f6860a01/backtooldschool.xtgem.com/images/blog/polaroid-78784.jpg]
[payloan.mobie.in/TeamCS/SubmitPayment.html]
[payloan.mobie.in/index-2.html]
[payloan.mobie.in/TeamCS/index.4a.delayed]
[payloan.mobie.in/Cloud/TG.png]
[payloan.mobie.in/TeamCS/CheckPayment.html]
[b.thumbs.xtstatic.com/100/50/-/b9e89f0803e854e5ec328393eb4f723c/backtooldschool.xtgem.com/images/blog/duck-hunt-84684.jpg]
[payloan.mobie.in/TeamCS/DropComplaint.html]
[5.thumbs.xtstatic.com/100/50/-/578d0bcc2530f4abf70ce0004aaa26d5/awesometattoos.xtgem.com/images/blog/insane-481107.jpg]
[payloan.mobie.in/TeamCS/SupportTeam.html]
[maxcdn.bootstrapcdn.com/bootstrap/4.3.1/css/bootstrap.min.css]
[payloan.mobie.in/Cloud/css/clipdevid.html]
[payloan.mobie.in/images/loading.html]
[payloan.mobie.in/images/next.html]
[payloan.mobie.in/images/titl.html]
[wapkaimage.com/700187/700187199_1bc876dddc.html]
[payloan.mobie.in/img/600299/600299850_582f50d2e5.html]
[payloan.mobie.in/images/title_back.html]
[payloan.mobie.in/fonts/fontawesome-webfont3e6e.html]
[payloan.mobie.in/fonts/fontawesome-webfontd41d.html]
[payloan.mobie.in/fonts/fontawesome-webfont3e6e-2.html]
[payloan.mobie.in/fonts/fontawesome-webfont3e6e-3.html]
[payloan.mobie.in/fonts/fontawesome-webfont3e6e-4.html]
[payloan.mobie.in/fonts/fontawesome-webfont3e6e-5.html]
[payloan.mobie.in/owl.video.play.html]
[payloan.mobie.in/assets/img/favicon.html]
[payloan.mobie.in/assets/img/apple-touch-icon.html]
[payloan.mobie.in/Cloud/Eventtheme/vendor/aos/aos.css]
[payloan.mobie.in/Cloud/Eventtheme/vendor/bootstrap/css/bootstrap.min.css]
[payloan.mobie.in/Cloud/Eventtheme/vendor/bootstrap-icons/bootstrap-icons.html]
[payloan.mobie.in/Cloud/Eventtheme/vendor/glightbox/css/glightbox.min.css]
[payloan.mobie.in/Cloud/Eventtheme/vendor/swiper/swiper-bundle.min.css]
[payloan.mobie.in/Cloud/Eventtheme/css/style.html]
[payloan.mobie.in/Cloud/Eventtheme/vendor/php-email-form/validate.html]
[payloan.mobie.in/Cloud/Eventtheme/cdn/4.png]
[payloan.mobie.in/Cloud/Eventtheme/cdn/5.png]
[payloan.mobie.in/index-2.html]
[payloan.mobie.in/TeamCS/index.html]
[payloan.mobie.in/images/prev.png]
[payloan.mobie.in/images/close.png]
